[debug] [2018-09-17T11:05:20.206Z] ----------------------------------------------------------------------
[debug] [2018-09-17T11:05:20.206Z] Command:       C:\Program Files\nodejs\node.exe C:\Users\Scott Perry\AppData\Roaming\npm\node_modules\firebase-tools\bin\firebase serve
[debug] [2018-09-17T11:05:20.206Z] CLI Version:   4.2.1
[debug] [2018-09-17T11:05:20.206Z] Platform:      win32
[debug] [2018-09-17T11:05:20.206Z] Node Version:  v8.11.1
[debug] [2018-09-17T11:05:20.206Z] Time:          Mon Sep 17 2018 21:05:20 GMT+1000 (E. Australia Standard Time)
[debug] [2018-09-17T11:05:20.206Z] ----------------------------------------------------------------------
[debug] 
[debug] [2018-09-17T11:05:20.222Z] > command requires scopes: ["email","openid","https://www.googleapis.com/auth/cloudplatformprojects.readonly","https://www.googleapis.com/auth/firebase","https://www.googleapis.com/auth/cloud-platform"]
[debug] [2018-09-17T11:05:20.222Z] > authorizing via signed-in user
[debug] [2018-09-17T11:05:20.222Z] > refreshing access token with scopes: ["email","https://www.googleapis.com/auth/cloud-platform","https://www.googleapis.com/auth/cloudplatformprojects.readonly","https://www.googleapis.com/auth/firebase","openid"]
[debug] [2018-09-17T11:05:20.222Z] >>> HTTP REQUEST POST https://www.googleapis.com/oauth2/v3/token  

[debug] [2018-09-17T11:05:20.862Z] <<< HTTP RESPONSE 200
[debug] [2018-09-17T11:05:20.862Z] >>> HTTP REQUEST GET https://admin.firebase.com/v1/projects/jseeku-jcu  
 
[debug] [2018-09-17T11:05:22.098Z] <<< HTTP RESPONSE 200
[debug] [2018-09-17T11:05:22.099Z] >>> HTTP REQUEST GET https://cloudresourcemanager.googleapis.com/v1/projects/jseeku-jcu  
 
[debug] [2018-09-17T11:05:23.785Z] <<< HTTP RESPONSE 200
[info] 
[info] === Serving from 'C:\Users\Scott Perry\Documents\JSeekU-master'...
[info] 
[info] i  functions: Preparing to emulate functions.
[debug] [2018-09-17T11:05:24.745Z] Fetching environment
[debug] [2018-09-17T11:05:24.760Z] >>> HTTP REQUEST GET https://mobilesdk-pa.googleapis.com/v1/projects/924319132512:getServerAppConfig  
 
[debug] [2018-09-17T11:05:24.760Z] >>> HTTP REQUEST GET https://mobilesdk-pa.googleapis.com/v1/projects/924319132512/clients/_:getWebAppConfig  
 
[debug] [2018-09-17T11:05:25.516Z] <<< HTTP RESPONSE 200
[debug] [2018-09-17T11:05:25.516Z] Starting @google-cloud/functions-emulator
[debug] [2018-09-17T11:05:25.938Z] <<< HTTP RESPONSE 200
[info] i  hosting[jseeku-jcu]: Serving hosting files from: public
[info] +  hosting[jseeku-jcu]: Local server: http://localhost:5000
[debug] [2018-09-17T11:05:27.060Z] Parsing function triggers
[info] i  functions: No HTTPS functions found. Use firebase functions:shell if you would like to emulate other types of functions.
